#
# A fatal error has been detected by the Java Runtime Environment:
#
#  Internal Error (0xc000000d), pid=12816, tid=0x000000000000493c
#
# JRE version: Java(TM) SE Runtime Environment (8.0_111-b14) (build 1.8.0_111-b14)
# Java VM: Java HotSpot(TM) 64-Bit Server VM (25.111-b14 mixed mode windows-amd64 compressed oops)
# Problematic frame:
# C  [ntdll.dll+0x1240f0]
#
# Failed to write core dump. Minidumps are not enabled by default on client versions of Windows
#
# If you would like to submit a bug report, please visit:
#   http://bugreport.java.com/bugreport/crash.jsp
#

---------------  T H R E A D  ---------------

Current thread (0x0000000018109000):  VMThread [stack: 0x0000000019e00000,0x0000000019f00000] [id=18748]

siginfo: ExceptionCode=0xc000000d

Registers:
RAX=0x0000000019efdfa0, RBX=0x000000002a1076d0, RCX=0x00007ffe711501d0, RDX=0x00007ffe6b8d31d8
RSP=0x0000000019efe6e0, RBP=0x00007ffe69a67250, RSI=0x000000001c8f7fa0, RDI=0x0000000000000000
R8 =0x0000000019efe138, R9 =0x0000000000000000, R10=0x0000000001152180, R11=0x00007ffe6b8d31d8
R12=0x000000002a1076d0, R13=0x0000000000000000, R14=0x0000000019efe878, R15=0x00007ffe69a67250
RIP=0x00007ffe711440f0, EFLAGS=0x0000000000000206

Top of Stack: (sp=0x0000000019efe6e0)
0x0000000019efe6e0:   0000000000000057 000000002a1076d0
0x0000000019efe6f0:   000000001c8f7fa0 0000000000000047
0x0000000019efe700:   00000080c000000d 0000000000000000
0x0000000019efe710:   00007ffe711440f0 0000000000000000
0x0000000019efe720:   0000000000000000 0000000000000000
0x0000000019efe730:   0000000000000000 0000000000000000
0x0000000019efe740:   0000000000000000 0000000000000000
0x0000000019efe750:   0000000000000000 0000000000000000
0x0000000019efe760:   0000000000000000 0000000000000000
0x0000000019efe770:   0000000000000000 0000000000000000
0x0000000019efe780:   0000000000000000 0000000000000000
0x0000000019efe790:   0000000000000000 000000001c8f7eb0
0x0000000019efe7a0:   0000eefaf28c293e 0000000000000944
0x0000000019efe7b0:   0000000000000060 00007ffe710d98d7
0x0000000019efe7c0:   000000001c8f7eb0 00007ffe6e77b3fb
0x0000000019efe7d0:   000000002a1076d0 00007ffe69a67250 

Instructions: (pc=0x00007ffe711440f0)
0x00007ffe711440d0:   5f f8 ff c7 44 24 20 0d 00 00 c0 b9 57 00 00 00
0x00007ffe711440e0:   e8 4b 26 ee ff 90 48 8d 4c 24 20 e8 40 ea f0 ff
0x00007ffe711440f0:   eb 00 48 8b 8c 24 c0 00 00 00 48 33 cc e8 de eb
0x00007ffe71144100:   f6 ff 48 81 c4 d8 00 00 00 c3 cc 40 55 48 83 ec 


Register to memory mapping:

RAX=0x0000000019efdfa0 is an unknown value
RBX=0x000000002a1076d0 is an unknown value
RCX=0x00007ffe711501d0 is an unknown value
RDX=0x00007ffe6b8d31d8 is an unknown value
RSP=0x0000000019efe6e0 is an unknown value
RBP=0x00007ffe69a67250 is an unknown value
RSI=0x000000001c8f7fa0 is an unknown value
RDI=0x0000000000000000 is an unknown value
R8 =0x0000000019efe138 is an unknown value
R9 =0x0000000000000000 is an unknown value
R10=0x0000000001152180 is an unknown value
R11=0x00007ffe6b8d31d8 is an unknown value
R12=0x000000002a1076d0 is an unknown value
R13=0x0000000000000000 is an unknown value
R14=0x0000000019efe878 is an unknown value
R15=0x00007ffe69a67250 is an unknown value


Stack: [0x0000000019e00000,0x0000000019f00000],  sp=0x0000000019efe6e0,  free space=1017k
Native frames: (J=compiled Java code, j=interpreted, Vv=VM code, C=native code)
C  [ntdll.dll+0x1240f0]
C  [ntdll.dll+0xb98d7]
C  [KERNELBASE.dll+0x5de99]
C  [RTWorkQ.DLL+0x83c8]
C  [RTWorkQ.DLL+0x8332]
C  [RTWorkQ.DLL+0x91f0]
C  [RTWorkQ.DLL+0x65c1]
C  [RTWorkQ.DLL+0x64d8]
C  [RTWorkQ.DLL+0x640e]
C  [FrameServerClient.dll+0x648fc]
C  [FrameServerClient.dll+0x2c2cc]
C  [FrameServerClient.dll+0x647bf]
C  [RTWorkQ.DLL+0xfc63]
C  [RTWorkQ.DLL+0x6999]
C  [RTWorkQ.DLL+0xc557]
C  [RTWorkQ.DLL+0xc492]
C  [FrameServerClient.dll+0x64379]
C  [FrameServerClient.dll+0x2c38a]
C  [FrameServerClient.dll+0x2a8ce]
C  [FrameServerClient.dll+0x2a601]
C  [FrameServerClient.dll+0x1f3fc]
C  [FrameServerClient.dll+0x18c3b]
C  [FrameServerClient.dll+0x13d90]
C  [FrameServerClient.dll+0x11289]
C  [MFCORE.dll+0x242409]
C  [MFCORE.dll+0x23d9ad]
C  [MFCORE.dll+0x241983]
C  [MFReadWrite.dll+0x15366]
C  [MFReadWrite.dll+0x16c80]
C  [ATL.DLL+0x392b]
C  [mfksproxy.dll+0x18a83]
C  [mfksproxy.dll+0x1d234]
C  [ATL.DLL+0x392b]
C  [mfksproxy.dll+0x6f2f]
C  [mfksproxy.dll+0x7124]
C  [mfksproxy.dll+0x3a2a5]
C  [opencv_java320.dll+0x120a8d3]
C  [opencv_java320.dll+0x120a199]
C  [opencv_java320.dll+0x158adf0]
C  [opencv_java320.dll+0x14fc7db]
C  [opencv_java320.dll+0x14fca81]
C  [opencv_java320.dll+0x14f8798]
C  [opencv_java320.dll+0x14b7d7f]
C  [opencv_java320.dll+0x14b7986]
C  [opencv_java320.dll+0x14b7a7c]
C  [ntdll.dll+0x3fba7]
C  [ntdll.dll+0x54120]
C  [ntdll.dll+0x53f8d]
C  [KERNEL32.DLL+0x1c66b]
C  [msvcr100.dll+0x20ccd]
V  [jvm.dll+0x212ca5]
V  [jvm.dll+0x24ba27]
V  [jvm.dll+0x24acc6]
V  [jvm.dll+0x24b161]
V  [jvm.dll+0x24b37e]
V  [jvm.dll+0x29c43a]
C  [msvcr100.dll+0x21d9f]
C  [msvcr100.dll+0x21e3b]
C  [KERNEL32.DLL+0x154e0]
C  [ntdll.dll+0x485b]

VM_Operation (0x000000001c49d050): Exit, mode: safepoint, requested by thread 0x000000001b07a800


---------------  P R O C E S S  ---------------

Java Threads: ( => current thread )
  0x000000001b07a800 JavaThread "AWT-EventQueue-0" [_thread_blocked, id=18964, stack(0x000000001c3a0000,0x000000001c4a0000)]
  0x000000001afb6000 JavaThread "AWT-Shutdown" [_thread_blocked, id=18344, stack(0x000000001b9a0000,0x000000001baa0000)]
  0x000000001afb5800 JavaThread "Java2D Disposer" daemon [_thread_blocked, id=17604, stack(0x000000001b8a0000,0x000000001b9a0000)]
  0x000000001a0c1800 JavaThread "Service Thread" daemon [_thread_blocked, id=13084, stack(0x000000001ac20000,0x000000001ad20000)]
  0x000000001a034000 JavaThread "C1 CompilerThread3" daemon [_thread_blocked, id=15696, stack(0x000000001ab20000,0x000000001ac20000)]
  0x000000001a030000 JavaThread "C2 CompilerThread2" daemon [_thread_blocked, id=17612, stack(0x000000001aa20000,0x000000001ab20000)]
  0x000000001a02b800 JavaThread "C2 CompilerThread1" daemon [_thread_blocked, id=6488, stack(0x000000001a920000,0x000000001aa20000)]
  0x000000001a027000 JavaThread "C2 CompilerThread0" daemon [_thread_blocked, id=10524, stack(0x000000001a820000,0x000000001a920000)]
  0x000000001a025800 JavaThread "Attach Listener" daemon [_thread_blocked, id=13388, stack(0x000000001a720000,0x000000001a820000)]
  0x000000001811e800 JavaThread "Signal Dispatcher" daemon [_thread_blocked, id=4052, stack(0x000000001a620000,0x000000001a720000)]
  0x000000001a021800 JavaThread "Finalizer" daemon [_thread_blocked, id=15676, stack(0x000000001a400000,0x000000001a500000)]
  0x0000000003186000 JavaThread "Reference Handler" daemon [_thread_blocked, id=10464, stack(0x0000000019f00000,0x000000001a000000)]
  0x0000000003091000 JavaThread "main" [_thread_blocked, id=15688, stack(0x0000000002ef0000,0x0000000002ff0000)]

Other Threads:
=>0x0000000018109000 VMThread [stack: 0x0000000019e00000,0x0000000019f00000] [id=18748]

VM state:at safepoint (shutting down)

VM Mutex/Monitor currently owned by a thread:  ([mutex/lock_event])
[0x000000000308c0f0] Threads_lock - owner thread: 0x0000000018109000

Heap:
 PSYoungGen      total 38400K, used 17714K [0x00000000d5f00000, 0x00000000d8980000, 0x0000000100000000)
  eden space 33280K, 38% used [0x00000000d5f00000,0x00000000d6b9eee0,0x00000000d7f80000)
  from space 5120K, 93% used [0x00000000d7f80000,0x00000000d842db30,0x00000000d8480000)
  to   space 5120K, 0% used [0x00000000d8480000,0x00000000d8480000,0x00000000d8980000)
 ParOldGen       total 87552K, used 13288K [0x0000000081c00000, 0x0000000087180000, 0x00000000d5f00000)
  object space 87552K, 15% used [0x0000000081c00000,0x00000000828fa1e8,0x0000000087180000)
 Metaspace       used 9157K, capacity 9330K, committed 9600K, reserved 1058816K
  class space    used 1042K, capacity 1125K, committed 1152K, reserved 1048576K

Card table byte_map: [0x0000000012550000,0x0000000012950000] byte_map_base: 0x0000000012142000

Marking Bits: (ParMarkBitMap*) 0x00000000631ba6c0
 Begin Bits: [0x0000000013400000, 0x0000000015390000)
 End Bits:   [0x0000000015390000, 0x0000000017320000)

Polling page: 0x0000000001640000

CodeCache: size=245760Kb used=2200Kb max_used=2200Kb free=243559Kb
 bounds [0x0000000003190000, 0x0000000003400000, 0x0000000012190000]
 total_blobs=1107 nmethods=484 adapters=536
 compilation: enabled

Compilation events (10 events):
Event: 6.890 Thread 0x000000001a034000  480       3       java.awt.EventQueue::access$100 (6 bytes)
Event: 6.891 Thread 0x000000001a034000 nmethod 480 0x00000000033b2790 code [0x00000000033b2900, 0x00000000033b2a68]
Event: 6.891 Thread 0x000000001a034000  481   !   3       java.awt.EventQueue::wakeup (79 bytes)
Event: 6.891 Thread 0x000000001a034000 nmethod 481 0x00000000033b2b50 code [0x00000000033b2d60, 0x00000000033b35d8]
Event: 6.891 Thread 0x000000001a034000  482   !   3       sun.awt.PostEventQueue::postEvent (81 bytes)
Event: 6.891 Thread 0x000000001a034000 nmethod 482 0x00000000033b3a90 code [0x00000000033b3c60, 0x00000000033b45b8]
Event: 6.930 Thread 0x000000001a034000  483       1       java.lang.System::getSecurityManager (4 bytes)
Event: 6.931 Thread 0x000000001a034000 nmethod 483 0x00000000033b4a50 code [0x00000000033b4ba0, 0x00000000033b4c90]
Event: 6.969 Thread 0x000000001a034000  484       3       java.awt.Component::getGraphics (124 bytes)
Event: 6.969 Thread 0x000000001a034000 nmethod 484 0x00000000033b4cd0 code [0x00000000033b4f00, 0x00000000033b5da8]

GC Heap History (6 events):
Event: 3.259 GC heap before
{Heap before GC invocations=1 (full 0):
 PSYoungGen      total 38400K, used 32847K [0x00000000d5f00000, 0x00000000d8980000, 0x0000000100000000)
  eden space 33280K, 98% used [0x00000000d5f00000,0x00000000d7f13d70,0x00000000d7f80000)
  from space 5120K, 0% used [0x00000000d8480000,0x00000000d8480000,0x00000000d8980000)
  to   space 5120K, 0% used [0x00000000d7f80000,0x00000000d7f80000,0x00000000d8480000)
 ParOldGen       total 87552K, used 0K [0x0000000081c00000, 0x0000000087180000, 0x00000000d5f00000)
  object space 87552K, 0% used [0x0000000081c00000,0x0000000081c00000,0x0000000087180000)
 Metaspace       used 9078K, capacity 9262K, committed 9344K, reserved 1056768K
  class space    used 1041K, capacity 1125K, committed 1152K, reserved 1048576K
Event: 3.262 GC heap after
Heap after GC invocations=1 (full 0):
 PSYoungGen      total 38400K, used 5102K [0x00000000d5f00000, 0x00000000d8980000, 0x0000000100000000)
  eden space 33280K, 0% used [0x00000000d5f00000,0x00000000d5f00000,0x00000000d7f80000)
  from space 5120K, 99% used [0x00000000d7f80000,0x00000000d847b9d0,0x00000000d8480000)
  to   space 5120K, 0% used [0x00000000d8480000,0x00000000d8480000,0x00000000d8980000)
 ParOldGen       total 87552K, used 3594K [0x0000000081c00000, 0x0000000087180000, 0x00000000d5f00000)
  object space 87552K, 4% used [0x0000000081c00000,0x0000000081f82b20,0x0000000087180000)
 Metaspace       used 9078K, capacity 9262K, committed 9344K, reserved 1056768K
  class space    used 1041K, capacity 1125K, committed 1152K, reserved 1048576K
}
Event: 4.853 GC heap before
{Heap before GC invocations=2 (full 0):
 PSYoungGen      total 38400K, used 38216K [0x00000000d5f00000, 0x00000000d8980000, 0x0000000100000000)
  eden space 33280K, 99% used [0x00000000d5f00000,0x00000000d7f568c0,0x00000000d7f80000)
  from space 5120K, 99% used [0x00000000d7f80000,0x00000000d847b9d0,0x00000000d8480000)
  to   space 5120K, 0% used [0x00000000d8480000,0x00000000d8480000,0x00000000d8980000)
 ParOldGen       total 87552K, used 3594K [0x0000000081c00000, 0x0000000087180000, 0x00000000d5f00000)
  object space 87552K, 4% used [0x0000000081c00000,0x0000000081f82b20,0x0000000087180000)
 Metaspace       used 9100K, capacity 9266K, committed 9344K, reserved 1056768K
  class space    used 1042K, capacity 1125K, committed 1152K, reserved 1048576K
Event: 4.856 GC heap after
Heap after GC invocations=2 (full 0):
 PSYoungGen      total 38400K, used 5092K [0x00000000d5f00000, 0x00000000d8980000, 0x0000000100000000)
  eden space 33280K, 0% used [0x00000000d5f00000,0x00000000d5f00000,0x00000000d7f80000)
  from space 5120K, 99% used [0x00000000d8480000,0x00000000d8979098,0x00000000d8980000)
  to   space 5120K, 0% used [0x00000000d7f80000,0x00000000d7f80000,0x00000000d8480000)
 ParOldGen       total 87552K, used 7898K [0x0000000081c00000, 0x0000000087180000, 0x00000000d5f00000)
  object space 87552K, 9% used [0x0000000081c00000,0x00000000823b6bc8,0x0000000087180000)
 Metaspace       used 9100K, capacity 9266K, committed 9344K, reserved 1056768K
  class space    used 1042K, capacity 1125K, committed 1152K, reserved 1048576K
}
Event: 6.567 GC heap before
{Heap before GC invocations=3 (full 0):
 PSYoungGen      total 38400K, used 37873K [0x00000000d5f00000, 0x00000000d8980000, 0x0000000100000000)
  eden space 33280K, 98% used [0x00000000d5f00000,0x00000000d7f03440,0x00000000d7f80000)
  from space 5120K, 99% used [0x00000000d8480000,0x00000000d8979098,0x00000000d8980000)
  to   space 5120K, 0% used [0x00000000d7f80000,0x00000000d7f80000,0x00000000d8480000)
 ParOldGen       total 87552K, used 7898K [0x0000000081c00000, 0x0000000087180000, 0x00000000d5f00000)
  object space 87552K, 9% used [0x0000000081c00000,0x00000000823b6bc8,0x0000000087180000)
 Metaspace       used 9132K, capacity 9330K, committed 9600K, reserved 1058816K
  class space    used 1042K, capacity 1125K, committed 1152K, reserved 1048576K
Event: 6.569 GC heap after
Heap after GC invocations=3 (full 0):
 PSYoungGen      total 38400K, used 4790K [0x00000000d5f00000, 0x00000000d8980000, 0x0000000100000000)
  eden space 33280K, 0% used [0x00000000d5f00000,0x00000000d5f00000,0x00000000d7f80000)
  from space 5120K, 93% used [0x00000000d7f80000,0x00000000d842db30,0x00000000d8480000)
  to   space 5120K, 0% used [0x00000000d8480000,0x00000000d8480000,0x00000000d8980000)
 ParOldGen       total 87552K, used 13288K [0x0000000081c00000, 0x0000000087180000, 0x00000000d5f00000)
  object space 87552K, 15% used [0x0000000081c00000,0x00000000828fa1e8,0x0000000087180000)
 Metaspace       used 9132K, capacity 9330K, committed 9600K, reserved 1058816K
  class space    used 1042K, capacity 1125K, committed 1152K, reserved 1048576K
}

Deoptimization events (1 events):
Event: 0.160 Thread 0x0000000003091000 Uncommon trap: reason=null_check action=make_not_entrant pc=0x00000000032fa9dc method=java.lang.String.equals(Ljava/lang/Object;)Z @ 8

Internal exceptions (10 events):
Event: 0.050 Thread 0x0000000003091000 Exception <a 'java/io/FileNotFoundException'> (0x00000000d5f58988) thrown at [C:\re\workspace\8-2-build-windows-amd64-cygwin\jdk8u111\7883\hotspot\src\share\vm\prims\jni.cpp, line 709]
Event: 0.068 Thread 0x0000000003091000 Exception <a 'java/security/PrivilegedActionException'> (0x00000000d5f8b300) thrown at [C:\re\workspace\8-2-build-windows-amd64-cygwin\jdk8u111\7883\hotspot\src\share\vm\prims\jvm.cpp, line 1386]
Event: 0.068 Thread 0x0000000003091000 Exception <a 'java/security/PrivilegedActionException'> (0x00000000d5f8b510) thrown at [C:\re\workspace\8-2-build-windows-amd64-cygwin\jdk8u111\7883\hotspot\src\share\vm\prims\jvm.cpp, line 1386]
Event: 0.069 Thread 0x0000000003091000 Exception <a 'java/security/PrivilegedActionException'> (0x00000000d5f8f3f8) thrown at [C:\re\workspace\8-2-build-windows-amd64-cygwin\jdk8u111\7883\hotspot\src\share\vm\prims\jvm.cpp, line 1386]
Event: 0.069 Thread 0x0000000003091000 Exception <a 'java/security/PrivilegedActionException'> (0x00000000d5f8f608) thrown at [C:\re\workspace\8-2-build-windows-amd64-cygwin\jdk8u111\7883\hotspot\src\share\vm\prims\jvm.cpp, line 1386]
Event: 0.073 Thread 0x0000000003091000 Exception <a 'java/io/FileNotFoundException'> (0x00000000d5f95440) thrown at [C:\re\workspace\8-2-build-windows-amd64-cygwin\jdk8u111\7883\hotspot\src\share\vm\prims\jni.cpp, line 709]
Event: 0.096 Thread 0x0000000003091000 Exception <a 'java/lang/NoSuchFieldError': method resolution failed> (0x00000000d6109e38) thrown at [C:\re\workspace\8-2-build-windows-amd64-cygwin\jdk8u111\7883\hotspot\src\share\vm\prims\methodHandles.cpp, line 1146]
Event: 0.097 Thread 0x0000000003091000 Exception <a 'java/lang/NoSuchFieldError': method resolution failed> (0x00000000d6117208) thrown at [C:\re\workspace\8-2-build-windows-amd64-cygwin\jdk8u111\7883\hotspot\src\share\vm\prims\methodHandles.cpp, line 1146]
Event: 0.138 Thread 0x0000000003091000 Exception <a 'java/io/FileNotFoundException'> (0x00000000d61fc150) thrown at [C:\re\workspace\8-2-build-windows-amd64-cygwin\jdk8u111\7883\hotspot\src\share\vm\prims\jni.cpp, line 709]
Event: 0.160 Thread 0x0000000003091000 Implicit null exception at 0x00000000032fa81b to 0x00000000032fa9cd

Events (10 events):
Event: 4.853 Executing VM operation: ParallelGCFailedAllocation
Event: 4.856 Executing VM operation: ParallelGCFailedAllocation done
Event: 6.567 Executing VM operation: ParallelGCFailedAllocation
Event: 6.569 Executing VM operation: ParallelGCFailedAllocation done
Event: 7.090 Thread 0x000000001afa6000 Thread added: 0x000000001afa6000
Event: 7.091 Thread 0x000000001afa7000 Thread added: 0x000000001afa7000
Event: 7.091 Thread 0x000000001afa7000 Thread exited: 0x000000001afa7000
Event: 7.104 Thread 0x000000001b016800 Thread exited: 0x000000001b016800
Event: 7.191 Thread 0x000000001afa6000 Thread exited: 0x000000001afa6000
Event: 7.191 Executing VM operation: Exit


Dynamic libraries:
0x00007ff713880000 - 0x00007ff7138b7000 	C:\Program Files\Java\jdk1.8.0_111\bin\java.exe
0x00007ffe71020000 - 0x00007ffe71227000 	C:\Windows\SYSTEM32\ntdll.dll
0x00007ffe708e0000 - 0x00007ffe7099d000 	C:\Windows\System32\KERNEL32.DLL
0x00007ffe6e730000 - 0x00007ffe6eaa4000 	C:\Windows\System32\KERNELBASE.dll
0x00007ffe705d0000 - 0x00007ffe7067c000 	C:\Windows\System32\ADVAPI32.dll
0x00007ffe6ef10000 - 0x00007ffe6efb3000 	C:\Windows\System32\msvcrt.dll
0x00007ffe6fe80000 - 0x00007ffe6ff1d000 	C:\Windows\System32\sechost.dll
0x00007ffe70320000 - 0x00007ffe70441000 	C:\Windows\System32\RPCRT4.dll
0x00007ffe6efc0000 - 0x00007ffe6f16c000 	C:\Windows\System32\USER32.dll
0x00007ffe6eab0000 - 0x00007ffe6ead6000 	C:\Windows\System32\win32u.dll
0x00007ffe6f610000 - 0x00007ffe6f639000 	C:\Windows\System32\GDI32.dll
0x00007ffe6eae0000 - 0x00007ffe6ebf2000 	C:\Windows\System32\gdi32full.dll
0x00007ffe6e620000 - 0x00007ffe6e6bd000 	C:\Windows\System32\msvcp_win.dll
0x00007ffe6e500000 - 0x00007ffe6e611000 	C:\Windows\System32\ucrtbase.dll
0x00007ffe539e0000 - 0x00007ffe53c85000 	C:\Windows\WinSxS\amd64_microsoft.windows.common-controls_6595b64144ccf1df_6.0.22000.120_none_9d947278b86cc467\COMCTL32.dll
0x00007ffe6f4b0000 - 0x00007ffe6f4e1000 	C:\Windows\System32\IMM32.DLL
0x0000000063500000 - 0x00000000635d2000 	C:\Program Files\Java\jdk1.8.0_111\jre\bin\msvcr100.dll
0x00000000629a0000 - 0x000000006323a000 	C:\Program Files\Java\jdk1.8.0_111\jre\bin\server\jvm.dll
0x00007ffe70760000 - 0x00007ffe70768000 	C:\Windows\System32\PSAPI.DLL
0x00007ffe6a700000 - 0x00007ffe6a709000 	C:\Windows\SYSTEM32\WSOCK32.dll
0x00007ffe66ca0000 - 0x00007ffe66caa000 	C:\Windows\SYSTEM32\VERSION.dll
0x00007ffe68fa0000 - 0x00007ffe68fd3000 	C:\Windows\SYSTEM32\WINMM.dll
0x00007ffe6f4f0000 - 0x00007ffe6f55f000 	C:\Windows\System32\WS2_32.dll
0x00000000634f0000 - 0x00000000634ff000 	C:\Program Files\Java\jdk1.8.0_111\jre\bin\verify.dll
0x0000000063430000 - 0x0000000063459000 	C:\Program Files\Java\jdk1.8.0_111\jre\bin\java.dll
0x00000000634d0000 - 0x00000000634e6000 	C:\Program Files\Java\jdk1.8.0_111\jre\bin\zip.dll
0x00007ffe6f640000 - 0x00007ffe6fde9000 	C:\Windows\System32\SHELL32.dll
0x00007ffe6c5a0000 - 0x00007ffe6ce02000 	C:\Windows\SYSTEM32\windows.storage.dll
0x00007ffe6ff20000 - 0x00007ffe70298000 	C:\Windows\System32\combase.dll
0x00007ffe6c200000 - 0x00007ffe6c366000 	C:\Windows\SYSTEM32\wintypes.dll
0x00007ffe70770000 - 0x00007ffe7085a000 	C:\Windows\System32\SHCORE.dll
0x00007ffe70570000 - 0x00007ffe705cd000 	C:\Windows\System32\shlwapi.dll
0x00007ffe6e430000 - 0x00007ffe6e451000 	C:\Windows\SYSTEM32\profapi.dll
0x00000000627e0000 - 0x0000000062978000 	C:\Program Files\Java\jdk1.8.0_111\jre\bin\awt.dll
0x00007ffe70680000 - 0x00007ffe70756000 	C:\Windows\System32\OLEAUT32.dll
0x00007ffe6b710000 - 0x00007ffe6b7a1000 	C:\Windows\SYSTEM32\apphelp.dll
0x00007ffdfe8b0000 - 0x00007ffe007a7000 	C:\Program Files\opencv\build\java\x64\opencv_java320.dll
0x00007ffe6f200000 - 0x00007ffe6f39a000 	C:\Windows\System32\ole32.dll
0x00007ffe6a780000 - 0x00007ffe6a7ab000 	C:\Windows\SYSTEM32\MSVFW32.dll
0x00007ffe6a4b0000 - 0x00007ffe6a4c9000 	C:\Windows\SYSTEM32\AVICAP32.dll
0x00007ffe621b0000 - 0x00007ffe621d4000 	C:\Windows\SYSTEM32\AVIFIL32.dll
0x00007ffe62220000 - 0x00007ffe6223e000 	C:\Windows\SYSTEM32\MSACM32.dll
0x00007ffe6bb00000 - 0x00007ffe6bb2f000 	C:\Windows\system32\DWMAPI.DLL
0x00007ffe6b860000 - 0x00007ffe6b90c000 	C:\Windows\system32\uxtheme.dll
0x00007ffe70450000 - 0x00007ffe7056e000 	C:\Windows\System32\MSCTF.dll
0x00007ffe6d610000 - 0x00007ffe6d628000 	C:\Windows\SYSTEM32\kernel.appcore.dll
0x00007ffe6ee30000 - 0x00007ffe6eeb0000 	C:\Windows\System32\bcryptPrimitives.dll
0x0000000062790000 - 0x00000000627d7000 	C:\Program Files\Java\jdk1.8.0_111\jre\bin\fontmanager.dll
0x00007ffe58a90000 - 0x00007ffe58bbd000 	C:\Windows\SYSTEM32\textinputframework.dll
0x00007ffe6f560000 - 0x00007ffe6f60f000 	C:\Windows\System32\clbcatq.dll
0x00007ffe62190000 - 0x00007ffe621af000 	C:\Windows\System32\devenum.dll
0x00007ffe6e0e0000 - 0x00007ffe6e12c000 	C:\Windows\System32\CFGMGR32.dll
0x00007ffe70b60000 - 0x00007ffe70fcb000 	C:\Windows\System32\setupapi.dll
0x00007ffe6bb30000 - 0x00007ffe6bb64000 	C:\Windows\SYSTEM32\ntmarta.dll
0x00007ffe6e130000 - 0x00007ffe6e15c000 	C:\Windows\SYSTEM32\DEVOBJ.dll
0x00007ffe6e6c0000 - 0x00007ffe6e726000 	C:\Windows\System32\WINTRUST.dll
0x00007ffe6ec00000 - 0x00007ffe6ed62000 	C:\Windows\System32\CRYPT32.dll
0x00007ffe6dcb0000 - 0x00007ffe6dcc2000 	C:\Windows\SYSTEM32\MSASN1.dll
0x00007ffe6a710000 - 0x00007ffe6a71b000 	C:\Windows\SYSTEM32\msdmo.dll
0x00007ffe50620000 - 0x00007ffe5065a000 	C:\Windows\System32\qcap.dll
0x00007ffe2d5f0000 - 0x00007ffe2d7d5000 	C:\Windows\System32\quartz.dll
0x00007ffe6ddd0000 - 0x00007ffe6ddf7000 	C:\Windows\System32\bcrypt.dll
0x00007ffe6b420000 - 0x00007ffe6b552000 	C:\Windows\SYSTEM32\CoreMessaging.dll
0x00007ffe4f8a0000 - 0x00007ffe4f8f0000 	C:\Windows\System32\mfksproxy.dll
0x00007ffe6b390000 - 0x00007ffe6b3ae000 	C:\Windows\System32\ATL.DLL
0x00007ffe654c0000 - 0x00007ffe6582d000 	C:\Windows\SYSTEM32\CoreUIComponents.dll
0x00007ffe44df0000 - 0x00007ffe44fbe000 	C:\Windows\System32\MFPlat.DLL
0x00007ffe69a60000 - 0x00007ffe69a92000 	C:\Windows\System32\RTWorkQ.DLL
0x00007ffe6de20000 - 0x00007ffe6de2c000 	C:\Windows\SYSTEM32\CRYPTBASE.DLL
0x00007ffe2d210000 - 0x00007ffe2d5e6000 	C:\Windows\System32\MFCORE.dll
0x00007ffe32400000 - 0x00007ffe324a2000 	C:\Windows\System32\FrameServerClient.dll
0x00007ffe43210000 - 0x00007ffe43289000 	C:\Windows\System32\MFSENSORGROUP.dll
0x00007ffe696b0000 - 0x00007ffe696bb000 	C:\Windows\System32\AVRT.dll
0x00007ffe5fe30000 - 0x00007ffe5feca000 	C:\Windows\System32\Windows.Media.MediaControl.dll
0x00007ffe65d50000 - 0x00007ffe65dec000 	C:\Windows\System32\MMDevAPI.DLL
0x00007ffe0f110000 - 0x00007ffe0f230000 	C:\Windows\System32\MFReadWrite.dll
0x00007ffe60040000 - 0x00007ffe60066000 	C:\Windows\System32\kswdmcap.ax
0x00007ffe6a600000 - 0x00007ffe6a60f000 	C:\Windows\System32\vidcap.ax
0x00007ffe31380000 - 0x00007ffe3143a000 	C:\Windows\System32\qedit.dll
0x00007ffe6f3a0000 - 0x00007ffe6f48c000 	C:\Windows\System32\COMDLG32.dll
0x00007ffe53630000 - 0x00007ffe537e3000 	C:\Windows\WinSxS\amd64_microsoft.windows.gdiplus_6595b64144ccf1df_1.1.22000.71_none_a5885354eb10b430\gdiplus.dll
0x00007ffe623f0000 - 0x00007ffe624ed000 	C:\Windows\System32\DDRAW.dll
0x00007ffe6b9c0000 - 0x00007ffe6bab3000 	C:\Windows\System32\dxgi.dll
0x00007ffe6b340000 - 0x00007ffe6b349000 	C:\Windows\System32\DCIMAN32.dll
0x00007ffe6b970000 - 0x00007ffe6b9a8000 	C:\Windows\SYSTEM32\dxcore.dll
0x00007ffe6dc60000 - 0x00007ffe6dc78000 	C:\Windows\SYSTEM32\CRYPTSP.dll
0x00007ffe6d570000 - 0x00007ffe6d5a5000 	C:\Windows\system32\rsaenh.dll
0x00007ffe62170000 - 0x00007ffe6218d000 	C:\Windows\SYSTEM32\OpenCL.dll
0x00007ffe697a0000 - 0x00007ffe698d3000 	C:\Windows\System32\AppXDeploymentClient.dll
0x00007ffe694c0000 - 0x00007ffe696ae000 	C:\Windows\SYSTEM32\urlmon.dll
0x00007ffe691d0000 - 0x00007ffe69482000 	C:\Windows\System32\iertutil.dll
0x00007ffe69490000 - 0x00007ffe694b8000 	C:\Windows\System32\srvcli.dll
0x00007ffe6d2d0000 - 0x00007ffe6d2dc000 	C:\Windows\System32\netutils.dll
0x00007ffe67a80000 - 0x00007ffe67ac4000 	C:\Windows\SYSTEM32\directxdatabasehelper.dll
0x00007ffdefdf0000 - 0x00007ffdf23d4000 	C:\Windows\System32\DriverStore\FileRepository\nvlt.inf_amd64_04baa46c48be5bb8\nvopencl64.dll
0x00007ffe66280000 - 0x00007ffe662b1000 	C:\Windows\SYSTEM32\cryptnet.dll
0x00007ffe62a30000 - 0x00007ffe63106000 	C:\Windows\SYSTEM32\nvapi64.dll
0x00007ffe25690000 - 0x00007ffe25c02000 	C:\Windows\System32\DriverStore\FileRepository\82_lenovo_whiskylake_hws_iigd_dch.inf_amd64_1422cde408f194fc\igdrcl64.dll
0x00007ffe5a070000 - 0x00007ffe5a3a9000 	C:\Windows\System32\DriverStore\FileRepository\82_lenovo_whiskylake_hws_iigd_dch.inf_amd64_1422cde408f194fc\igdgmm64.dll
0x00007ffe2e9e0000 - 0x00007ffe2eadd000 	C:\Windows\System32\DriverStore\FileRepository\82_lenovo_whiskylake_hws_iigd_dch.inf_amd64_1422cde408f194fc\igdfcl64.dll
0x00007ffe55ba0000 - 0x00007ffe58925000 	C:\Windows\System32\DriverStore\FileRepository\82_lenovo_whiskylake_hws_iigd_dch.inf_amd64_1422cde408f194fc\igc64.dll
0x00007ffe6c370000 - 0x00007ffe6c591000 	C:\Windows\SYSTEM32\dbghelp.dll

VM Arguments:
jvm_args: -Dfile.encoding=UTF-8 -Djava.library.path=C:\Program Files\opencv\build\java\x64 
java_command: detectionjava.Webcam
java_class_path (initial): C:\Program Files\opencv\build\java\opencv-320.jar;C:\Users\Elias\OneDrive\Documentos\NetBeansProjects\detectionjava\build\classes
Launcher Type: SUN_STANDARD

Environment Variables:
JAVA_HOME=C:\Program Files\Java\jdk-16.0.2
PATH=C:\ProgramData\Oracle\Java\javapath;C:\Program Files\Common Files\Oracle\Java\javapath;C:\Program Files (x86)\Common Files\Oracle\Java\javapath;C:\Windows\system32;C:\Windows;C:\Windows\System32\Wbem;C:\Windows\System32\WindowsPowerShell\v1.0\;C:\Windows\System32\OpenSSH\;C:\Program Files\Git\cmd;C:\Users\Elias\AppData\Local\Microsoft\WindowsApps;C:\Program Files\JetBrains\IntelliJ IDEA 2021.2\bin;
USERNAME=Elias
OS=Windows_NT
PROCESSOR_IDENTIFIER=Intel64 Family 6 Model 142 Stepping 12, GenuineIntel



---------------  S Y S T E M  ---------------

OS: Windows 10.0 , 64 bit Build 22000 (10.0.22000.120)

CPU:total 8 (4 cores per cpu, 2 threads per core) family 6 model 142 stepping 12, cmov, cx8, fxsr, mmx, sse, sse2, sse3, ssse3, sse4.1, sse4.2, popcnt, avx, avx2, aes, clmul, erms, 3dnowpref, lzcnt, ht, tsc, tscinvbit, bmi1, bmi2, adx

Memory: 4k page, physical 8265972k(2641620k free), swap 10943984k(3388236k free)

vm_info: Java HotSpot(TM) 64-Bit Server VM (25.111-b14) for windows-amd64 JRE (1.8.0_111-b14), built on Sep 22 2016 19:24:05 by "java_re" with MS VC++ 10.0 (VS2010)

time: Wed Sep 15 17:43:55 2021
elapsed time: 8 seconds (0d 0h 0m 8s)

